Arguments: 
  D:\Work\Node\node.exe C:\Users\Ahmad\AppData\Roaming\npm\node_modules\yarn\bin\yarn.js

PATH: 
  C:\Program Files\Git\mingw64\bin;C:\Program Files\Git\usr\bin;C:\Users\Ahmad\bin;C:\Program Files (x86)\NVIDIA Corporation\PhysX\Common;C:\ProgramData\Oracle\Java\javapath;C:\WINDOWS\system32;C:\WINDOWS;C:\WINDOWS\System32\Wbem;C:\WINDOWS\System32\WindowsPowerShell\v1.0;C:\Program Files (x86)\AMD\ATI.ACE\Core-Static;C:\Program Files (x86)\ATI Technologies\ATI.ACE\Core-Static;C:\Program Files\Intel\Intel(R) Management Engine Components\DAL;C:\Program Files\Intel\Intel(R) Management Engine Components\IPT;C:\Program Files\MATLAB\R2016a\runtime\win64;C:\Program Files\MATLAB\R2016a\bin;C:\Program Files\MATLAB\R2016a\polyspace\bin;C:\Program Files (x86)\Windows Kits\8.1\Windows Performance Toolkit;C:\Android;C:\Windows\System32;C:\WINDOWS\System32\OpenSSH;C:\Program Files (x86)\QuickTime\QTSystem;C:\Users\Ahmad\Anaconda3;C:\Users\Ahmad\Anaconda3\Scripts;C:\Program Files\Microsoft SQL Server\130\Tools\Binn;C:\Program Files\Microsoft SQL Server\Client SDK\ODBC\170\Tools\Binn;D:\Work\Node;C:\ProgramData\chocolatey\bin;C:\Go\bin;C:\Program Files\Git\cmd;C:\Program Files\PuTTY;C:\Program Files\dotnet;C:\Users\Ahmad\AppData\Local\Programs\Python\Python38-32\Scripts;C:\Users\Ahmad\AppData\Local\Programs\Python\Python38-32;C:\Users\Ahmad\Anaconda3\Scripts;C:\Users\Ahmad\Anaconda3\Library\bin;C:\Users\Ahmad\AppData\Local\Microsoft\WindowsApps;C:\Users\Ahmad\AppData\Local\Programs\Microsoft VS Code\bin;C:\Users\Ahmad\AppData\Roaming\npm;C:\Users\Ahmad\AppData\Local\GitHubDesktop\bin;C:\Program Files\MongoDB\Server\4.2\bin;C:\Users\Ahmad\go\bin;C:\Program Files (x86)\mingw-w64\i686-8.1.0-posix-dwarf-rt_v6-rev0\mingw32\bin

Yarn version: 
  1.21.1

Node version: 
  12.13.1

Platform: 
  win32 x64

Trace: 
  Error: EPERM: operation not permitted, unlink 'C:\Users\Ahmad\Desktop\website\stockApp\node_modules\bcrypt\lib\binding\bcrypt_lib.node'

npm manifest: 
  {
    "name": "stockapp",
    "version": "1.0.0",
    "description": "",
    "main": "server.js",
    "scripts": {
      "client-install": "npm install --prefix client",
      "start": "node server.js",
      "server": "nodemon server.js",
      "client": "npm start --prefix client",
      "dev": "concurrently \"npm run server\" \"npm run client\"",
      "heroku-postbuild": "cd client && npm install && npm run build"
    },
    "repository": {
      "type": "git",
      "url": "git+https://github.com/AhmadK98/stockApp.git"
    },
    "author": "Ahmad Kareem",
    "license": "MIT",
    "bugs": {
      "url": "https://github.com/AhmadK98/stockApp/issues"
    },
    "homepage": "https://github.com/AhmadK98/stockApp#readme",
    "dependencies": {
      "bcrypt": "^3.0.8",
      "chartjs": "^0.3.24",
      "concurrently": "^5.2.0",
      "cookie": "^0.4.1",
      "cookie-parser": "^1.4.5",
      "cookie-session": "^1.4.0",
      "cors": "^2.8.5",
      "dotenv": "^8.2.0",
      "express": "^4.17.1",
      "express-graphql": "^0.9.0",
      "express-session": "^1.17.1",
      "graphql": "^14.7.0",
      "helmet": "^3.23.3",
      "jsonwebtoken": "^8.5.1",
      "mocha": "^7.1.0",
      "node-fetch": "^2.6.0",
      "nodemon": "^2.0.4",
      "pg": "^7.18.2",
      "unit.js": "^2.1.1"
    }
  }

yarn manifest: 
  No manifest

Lockfile: 
  No lockfile
